# JRE version: OpenJDK Runtime Environment Temurin-17.0.12+7 (17.0.12+7) (build 17.0.12+7)
# Java VM: OpenJDK 64-Bit Server VM Temurin-17.0.12+7 (17.0.12+7, mixed mode, tiered, compressed oops, compressed class ptrs, parallel gc, windows-amd64)
GC Precious Log:
 CPUs: 6 total, 6 available
 Memory: 16158M
 Large Page Support: Disabled
 NUMA Support: Disabled
 Compressed Oops: Enabled (32-bit)
 Alignments: Space 512K, Generation 512K, Heap 2M
 Heap Min Capacity: 100M
 Heap Initial Capacity: 100M
 Heap Max Capacity: 1G
 Pre-touch: Disabled
 Parallel Workers: 6
Heap:
 PSYoungGen      total 19968K, used 18192K [0x00000000eab00000, 0x00000000ec280000, 0x0000000100000000)
  eden space 18432K, 91% used [0x00000000eab00000,0x00000000ebb632f8,0x00000000ebd00000)
  from space 1536K, 91% used [0x00000000ec100000,0x00000000ec261000,0x00000000ec280000)
  to   space 1536K, 0% used [0x00000000ebf80000,0x00000000ebf80000,0x00000000ec100000)
 ParOldGen       total 68608K, used 33556K [0x00000000c0000000, 0x00000000c4300000, 0x00000000eab00000)
  object space 68608K, 48% used [0x00000000c0000000,0x00000000c20c5240,0x00000000c4300000)
 Metaspace       used 59782K, committed 60864K, reserved 1114112K
  class space    used 6466K, committed 6912K, reserved 1048576K
GC Heap History (20 events):
Event: 11.061 GC heap before
{Heap before GC invocations=21 (full 2):
 PSYoungGen      total 23552K, used 23264K [0x00000000eab00000, 0x00000000ec400000, 0x0000000100000000)
  eden space 21504K, 100% used [0x00000000eab00000,0x00000000ec000000,0x00000000ec000000)
  from space 2048K, 85% used [0x00000000ec200000,0x00000000ec3b8000,0x00000000ec400000)
  to   space 2048K, 0% used [0x00000000ec000000,0x00000000ec000000,0x00000000ec200000)
 ParOldGen       total 68608K, used 24139K [0x00000000c0000000, 0x00000000c4300000, 0x00000000eab00000)
  object space 68608K, 35% used [0x00000000c0000000,0x00000000c1792e70,0x00000000c4300000)
 Metaspace       used 43588K, committed 44480K, reserved 1114112K
  class space    used 4429K, committed 4800K, reserved 1048576K
}
Event: 11.064 GC heap after
{Heap after GC invocations=21 (full 2):
 PSYoungGen      total 23552K, used 1952K [0x00000000eab00000, 0x00000000ec400000, 0x0000000100000000)
  eden space 21504K, 0% used [0x00000000eab00000,0x00000000eab00000,0x00000000ec000000)
  from space 2048K, 95% used [0x00000000ec000000,0x00000000ec1e8010,0x00000000ec200000)
  to   space 2048K, 0% used [0x00000000ec200000,0x00000000ec200000,0x00000000ec400000)
 ParOldGen       total 68608K, used 25771K [0x00000000c0000000, 0x00000000c4300000, 0x00000000eab00000)
  object space 68608K, 37% used [0x00000000c0000000,0x00000000c192ae70,0x00000000c4300000)
 Metaspace       used 43588K, committed 44480K, reserved 1114112K
  class space    used 4429K, committed 4800K, reserved 1048576K
}
Event: 11.085 GC heap before
{Heap before GC invocations=22 (full 2):
 PSYoungGen      total 23552K, used 23456K [0x00000000eab00000, 0x00000000ec400000, 0x0000000100000000)
  eden space 21504K, 100% used [0x00000000eab00000,0x00000000ec000000,0x00000000ec000000)
  from space 2048K, 95% used [0x00000000ec000000,0x00000000ec1e8010,0x00000000ec200000)
  to   space 2048K, 0% used [0x00000000ec200000,0x00000000ec200000,0x00000000ec400000)
 ParOldGen       total 68608K, used 25771K [0x00000000c0000000, 0x00000000c4300000, 0x00000000eab00000)
  object space 68608K, 37% used [0x00000000c0000000,0x00000000c192ae70,0x00000000c4300000)
 Metaspace       used 43814K, committed 44800K, reserved 1114112K
  class space    used 4452K, committed 4864K, reserved 1048576K
}
Event: 11.088 GC heap after
{Heap after GC invocations=22 (full 2):
 PSYoungGen      total 23552K, used 1472K [0x00000000eab00000, 0x00000000ec400000, 0x0000000100000000)
  eden space 21504K, 0% used [0x00000000eab00000,0x00000000eab00000,0x00000000ec000000)
  from space 2048K, 71% used [0x00000000ec200000,0x00000000ec370000,0x00000000ec400000)
  to   space 2048K, 0% used [0x00000000ec000000,0x00000000ec000000,0x00000000ec200000)
 ParOldGen       total 68608K, used 27651K [0x00000000c0000000, 0x00000000c4300000, 0x00000000eab00000)
  object space 68608K, 40% used [0x00000000c0000000,0x00000000c1b00e80,0x00000000c4300000)
 Metaspace       used 43814K, committed 44800K, reserved 1114112K
  class space    used 4452K, committed 4864K, reserved 1048576K
}
Event: 11.175 GC heap before
{Heap before GC invocations=23 (full 2):
 PSYoungGen      total 23552K, used 22948K [0x00000000eab00000, 0x00000000ec400000, 0x0000000100000000)
  eden space 21504K, 99% used [0x00000000eab00000,0x00000000ebff9210,0x00000000ec000000)
  from space 2048K, 71% used [0x00000000ec200000,0x00000000ec370000,0x00000000ec400000)
  to   space 2048K, 0% used [0x00000000ec000000,0x00000000ec000000,0x00000000ec200000)
 ParOldGen       total 68608K, used 27651K [0x00000000c0000000, 0x00000000c4300000, 0x00000000eab00000)
  object space 68608K, 40% used [0x00000000c0000000,0x00000000c1b00e80,0x00000000c4300000)
 Metaspace       used 45963K, committed 46848K, reserved 1114112K
  class space    used 4698K, committed 5056K, reserved 1048576K
}
Event: 11.177 GC heap after
{Heap after GC invocations=23 (full 2):
 PSYoungGen      total 22528K, used 966K [0x00000000eab00000, 0x00000000ec300000, 0x0000000100000000)
  eden space 21504K, 0% used [0x00000000eab00000,0x00000000eab00000,0x00000000ec000000)
  from space 1024K, 94% used [0x00000000ec000000,0x00000000ec0f1aa0,0x00000000ec100000)
  to   space 1536K, 0% used [0x00000000ec180000,0x00000000ec180000,0x00000000ec300000)
 ParOldGen       total 68608K, used 29027K [0x00000000c0000000, 0x00000000c4300000, 0x00000000eab00000)
  object space 68608K, 42% used [0x00000000c0000000,0x00000000c1c58e80,0x00000000c4300000)
 Metaspace       used 45963K, committed 46848K, reserved 1114112K
  class space    used 4698K, committed 5056K, reserved 1048576K
}
Event: 11.318 GC heap before
{Heap before GC invocations=24 (full 2):
 PSYoungGen      total 22528K, used 22470K [0x00000000eab00000, 0x00000000ec300000, 0x0000000100000000)
  eden space 21504K, 100% used [0x00000000eab00000,0x00000000ec000000,0x00000000ec000000)
  from space 1024K, 94% used [0x00000000ec000000,0x00000000ec0f1aa0,0x00000000ec100000)
  to   space 1536K, 0% used [0x00000000ec180000,0x00000000ec180000,0x00000000ec300000)
 ParOldGen       total 68608K, used 29027K [0x00000000c0000000, 0x00000000c4300000, 0x00000000eab00000)
  object space 68608K, 42% used [0x00000000c0000000,0x00000000c1c58e80,0x00000000c4300000)
 Metaspace       used 47574K, committed 48576K, reserved 1114112K
  class space    used 4912K, committed 5312K, reserved 1048576K
}
Event: 11.319 GC heap after
{Heap after GC invocations=24 (full 2):
 PSYoungGen      total 22528K, used 807K [0x00000000eab00000, 0x00000000ec280000, 0x0000000100000000)
  eden space 21504K, 0% used [0x00000000eab00000,0x00000000eab00000,0x00000000ec000000)
  from space 1024K, 78% used [0x00000000ec180000,0x00000000ec249c10,0x00000000ec280000)
  to   space 1024K, 0% used [0x00000000ec000000,0x00000000ec000000,0x00000000ec100000)
 ParOldGen       total 68608K, used 29694K [0x00000000c0000000, 0x00000000c4300000, 0x00000000eab00000)
  object space 68608K, 43% used [0x00000000c0000000,0x00000000c1cffb60,0x00000000c4300000)
 Metaspace       used 47574K, committed 48576K, reserved 1114112K
  class space    used 4912K, committed 5312K, reserved 1048576K
}
Event: 11.663 GC heap before
{Heap before GC invocations=25 (full 2):
 PSYoungGen      total 22528K, used 22311K [0x00000000eab00000, 0x00000000ec280000, 0x0000000100000000)
  eden space 21504K, 100% used [0x00000000eab00000,0x00000000ec000000,0x00000000ec000000)
  from space 1024K, 78% used [0x00000000ec180000,0x00000000ec249c10,0x00000000ec280000)
  to   space 1024K, 0% used [0x00000000ec000000,0x00000000ec000000,0x00000000ec100000)
 ParOldGen       total 68608K, used 29694K [0x00000000c0000000, 0x00000000c4300000, 0x00000000eab00000)
  object space 68608K, 43% used [0x00000000c0000000,0x00000000c1cffb60,0x00000000c4300000)
 Metaspace       used 49421K, committed 50432K, reserved 1114112K
  class space    used 5152K, committed 5568K, reserved 1048576K
}
Event: 11.664 GC heap after
{Heap after GC invocations=25 (full 2):
 PSYoungGen      total 22528K, used 608K [0x00000000eab00000, 0x00000000ec200000, 0x0000000100000000)
  eden space 21504K, 0% used [0x00000000eab00000,0x00000000eab00000,0x00000000ec000000)
  from space 1024K, 59% used [0x00000000ec000000,0x00000000ec098000,0x00000000ec100000)
  to   space 1024K, 0% used [0x00000000ec100000,0x00000000ec100000,0x00000000ec200000)
 ParOldGen       total 68608K, used 30317K [0x00000000c0000000, 0x00000000c4300000, 0x00000000eab00000)
  object space 68608K, 44% used [0x00000000c0000000,0x00000000c1d9b528,0x00000000c4300000)
 Metaspace       used 49421K, committed 50432K, reserved 1114112K
  class space    used 5152K, committed 5568K, reserved 1048576K
}
Event: 11.984 GC heap before
{Heap before GC invocations=26 (full 2):
 PSYoungGen      total 22528K, used 22091K [0x00000000eab00000, 0x00000000ec200000, 0x0000000100000000)
  eden space 21504K, 99% used [0x00000000eab00000,0x00000000ebffad10,0x00000000ec000000)
  from space 1024K, 59% used [0x00000000ec000000,0x00000000ec098000,0x00000000ec100000)
  to   space 1024K, 0% used [0x00000000ec100000,0x00000000ec100000,0x00000000ec200000)
 ParOldGen       total 68608K, used 30317K [0x00000000c0000000, 0x00000000c4300000, 0x00000000eab00000)
  object space 68608K, 44% used [0x00000000c0000000,0x00000000c1d9b528,0x00000000c4300000)
 Metaspace       used 51874K, committed 52928K, reserved 1114112K
  class space    used 5471K, committed 5952K, reserved 1048576K
}
Event: 11.986 GC heap after
{Heap after GC invocations=26 (full 2):
 PSYoungGen      total 21504K, used 1004K [0x00000000eab00000, 0x00000000ec400000, 0x0000000100000000)
  eden space 20480K, 0% used [0x00000000eab00000,0x00000000eab00000,0x00000000ebf00000)
  from space 1024K, 98% used [0x00000000ec100000,0x00000000ec1fb270,0x00000000ec200000)
  to   space 2048K, 0% used [0x00000000ebf00000,0x00000000ebf00000,0x00000000ec100000)
 ParOldGen       total 68608K, used 30861K [0x00000000c0000000, 0x00000000c4300000, 0x00000000eab00000)
  object space 68608K, 44% used [0x00000000c0000000,0x00000000c1e23528,0x00000000c4300000)
 Metaspace       used 51874K, committed 52928K, reserved 1114112K
  class space    used 5471K, committed 5952K, reserved 1048576K
}
Event: 12.320 GC heap before
{Heap before GC invocations=27 (full 2):
 PSYoungGen      total 21504K, used 21480K [0x00000000eab00000, 0x00000000ec400000, 0x0000000100000000)
  eden space 20480K, 99% used [0x00000000eab00000,0x00000000ebeff128,0x00000000ebf00000)
  from space 1024K, 98% used [0x00000000ec100000,0x00000000ec1fb270,0x00000000ec200000)
  to   space 2048K, 0% used [0x00000000ebf00000,0x00000000ebf00000,0x00000000ec100000)
 ParOldGen       total 68608K, used 30861K [0x00000000c0000000, 0x00000000c4300000, 0x00000000eab00000)
  object space 68608K, 44% used [0x00000000c0000000,0x00000000c1e23528,0x00000000c4300000)
 Metaspace       used 54129K, committed 55168K, reserved 1114112K
  class space    used 5782K, committed 6272K, reserved 1048576K
}
Event: 12.322 GC heap after
{Heap after GC invocations=27 (full 2):
 PSYoungGen      total 22016K, used 1248K [0x00000000eab00000, 0x00000000ec200000, 0x0000000100000000)
  eden space 20480K, 0% used [0x00000000eab00000,0x00000000eab00000,0x00000000ebf00000)
  from space 1536K, 81% used [0x00000000ebf00000,0x00000000ec038000,0x00000000ec080000)
  to   space 1536K, 0% used [0x00000000ec080000,0x00000000ec080000,0x00000000ec200000)
 ParOldGen       total 68608K, used 31760K [0x00000000c0000000, 0x00000000c4300000, 0x00000000eab00000)
  object space 68608K, 46% used [0x00000000c0000000,0x00000000c1f04238,0x00000000c4300000)
 Metaspace       used 54129K, committed 55168K, reserved 1114112K
  class space    used 5782K, committed 6272K, reserved 1048576K
}
Event: 12.510 GC heap before
{Heap before GC invocations=28 (full 2):
 PSYoungGen      total 22016K, used 21728K [0x00000000eab00000, 0x00000000ec200000, 0x0000000100000000)
  eden space 20480K, 100% used [0x00000000eab00000,0x00000000ebf00000,0x00000000ebf00000)
  from space 1536K, 81% used [0x00000000ebf00000,0x00000000ec038000,0x00000000ec080000)
  to   space 1536K, 0% used [0x00000000ec080000,0x00000000ec080000,0x00000000ec200000)
 ParOldGen       total 68608K, used 31760K [0x00000000c0000000, 0x00000000c4300000, 0x00000000eab00000)
  object space 68608K, 46% used [0x00000000c0000000,0x00000000c1f04238,0x00000000c4300000)
 Metaspace       used 56470K, committed 57536K, reserved 1114112K
  class space    used 6071K, committed 6528K, reserved 1048576K
}
Event: 12.514 GC heap after
{Heap after GC invocations=28 (full 2):
 PSYoungGen      total 19968K, used 1533K [0x00000000eab00000, 0x00000000ec600000, 0x0000000100000000)
  eden space 18432K, 0% used [0x00000000eab00000,0x00000000eab00000,0x00000000ebd00000)
  from space 1536K, 99% used [0x00000000ec080000,0x00000000ec1ff6f0,0x00000000ec200000)
  to   space 3584K, 0% used [0x00000000ebd00000,0x00000000ebd00000,0x00000000ec080000)
 ParOldGen       total 68608K, used 33340K [0x00000000c0000000, 0x00000000c4300000, 0x00000000eab00000)
  object space 68608K, 48% used [0x00000000c0000000,0x00000000c208f248,0x00000000c4300000)
 Metaspace       used 56470K, committed 57536K, reserved 1114112K
  class space    used 6071K, committed 6528K, reserved 1048576K
}
Event: 12.678 GC heap before
{Heap before GC invocations=29 (full 2):
 PSYoungGen      total 19968K, used 18404K [0x00000000eab00000, 0x00000000ec600000, 0x0000000100000000)
  eden space 18432K, 91% used [0x00000000eab00000,0x00000000ebb79950,0x00000000ebd00000)
  from space 1536K, 99% used [0x00000000ec080000,0x00000000ec1ff6f0,0x00000000ec200000)
  to   space 3584K, 0% used [0x00000000ebd00000,0x00000000ebd00000,0x00000000ec080000)
 ParOldGen       total 68608K, used 33340K [0x00000000c0000000, 0x00000000c4300000, 0x00000000eab00000)
  object space 68608K, 48% used [0x00000000c0000000,0x00000000c208f248,0x00000000c4300000)
 Metaspace       used 58713K, committed 59776K, reserved 1114112K
  class space    used 6341K, committed 6848K, reserved 1048576K
}
Event: 12.680 GC heap after
{Heap after GC invocations=29 (full 2):
 PSYoungGen      total 22016K, used 1091K [0x00000000eab00000, 0x00000000ec300000, 0x0000000100000000)
  eden space 18432K, 0% used [0x00000000eab00000,0x00000000eab00000,0x00000000ebd00000)
  from space 3584K, 30% used [0x00000000ebd00000,0x00000000ebe10f90,0x00000000ec080000)
  to   space 2048K, 0% used [0x00000000ec100000,0x00000000ec100000,0x00000000ec300000)
 ParOldGen       total 68608K, used 34697K [0x00000000c0000000, 0x00000000c4300000, 0x00000000eab00000)
  object space 68608K, 50% used [0x00000000c0000000,0x00000000c21e27c8,0x00000000c4300000)
 Metaspace       used 58713K, committed 59776K, reserved 1114112K
  class space    used 6341K, committed 6848K, reserved 1048576K
}
Event: 12.680 GC heap before
{Heap before GC invocations=30 (full 3):
 PSYoungGen      total 22016K, used 1091K [0x00000000eab00000, 0x00000000ec300000, 0x0000000100000000)
  eden space 18432K, 0% used [0x00000000eab00000,0x00000000eab00000,0x00000000ebd00000)
  from space 3584K, 30% used [0x00000000ebd00000,0x00000000ebe10f90,0x00000000ec080000)
  to   space 2048K, 0% used [0x00000000ec100000,0x00000000ec100000,0x00000000ec300000)
 ParOldGen       total 68608K, used 34697K [0x00000000c0000000, 0x00000000c4300000, 0x00000000eab00000)
  object space 68608K, 50% used [0x00000000c0000000,0x00000000c21e27c8,0x00000000c4300000)
 Metaspace       used 58713K, committed 59776K, reserved 1114112K
  class space    used 6341K, committed 6848K, reserved 1048576K
}
Event: 12.723 GC heap after
{Heap after GC invocations=30 (full 3):
 PSYoungGen      total 22016K, used 0K [0x00000000eab00000, 0x00000000ec300000, 0x0000000100000000)
  eden space 18432K, 0% used [0x00000000eab00000,0x00000000eab00000,0x00000000ebd00000)
  from space 3584K, 0% used [0x00000000ebd00000,0x00000000ebd00000,0x00000000ec080000)
  to   space 2048K, 0% used [0x00000000ec100000,0x00000000ec100000,0x00000000ec300000)
 ParOldGen       total 68608K, used 33556K [0x00000000c0000000, 0x00000000c4300000, 0x00000000eab00000)
  object space 68608K, 48% used [0x00000000c0000000,0x00000000c20c5240,0x00000000c4300000)
 Metaspace       used 58713K, committed 59776K, reserved 1114112K
  class space    used 6341K, committed 6848K, reserved 1048576K
}

