# JRE version: OpenJDK Runtime Environment Temurin-17.0.12+7 (17.0.12+7) (build 17.0.12+7)
# Java VM: OpenJDK 64-Bit Server VM Temurin-17.0.12+7 (17.0.12+7, mixed mode, tiered, compressed oops, compressed class ptrs, parallel gc, windows-amd64)
GC Precious Log:
 CPUs: 6 total, 6 available
 Memory: 16158M
 Large Page Support: Disabled
 NUMA Support: Disabled
 Compressed Oops: Enabled (32-bit)
 Alignments: Space 512K, Generation 512K, Heap 2M
 Heap Min Capacity: 100M
 Heap Initial Capacity: 100M
 Heap Max Capacity: 1G
 Pre-touch: Disabled
 Parallel Workers: 6
Heap:
 PSYoungGen      total 22016K, used 6416K [0x00000000eab00000, 0x00000000ec580000, 0x0000000100000000)
  eden space 21504K, 29% used [0x00000000eab00000,0x00000000eb144178,0x00000000ec000000)
  from space 512K, 0% used [0x00000000ec280000,0x00000000ec280000,0x00000000ec300000)
  to   space 1536K, 0% used [0x00000000ec400000,0x00000000ec400000,0x00000000ec580000)
 ParOldGen       total 68608K, used 45987K [0x00000000c0000000, 0x00000000c4300000, 0x00000000eab00000)
  object space 68608K, 67% used [0x00000000c0000000,0x00000000c2ce8cf0,0x00000000c4300000)
 Metaspace       used 59848K, committed 60864K, reserved 1114112K
  class space    used 6478K, committed 6912K, reserved 1048576K
GC Heap History (20 events):
Event: 3.488 GC heap before
{Heap before GC invocations=25 (full 2):
 PSYoungGen      total 22528K, used 22519K [0x00000000eab00000, 0x00000000ec780000, 0x0000000100000000)
  eden space 21504K, 100% used [0x00000000eab00000,0x00000000ec000000,0x00000000ec000000)
  from space 1024K, 99% used [0x00000000ec380000,0x00000000ec47df08,0x00000000ec480000)
  to   space 3584K, 0% used [0x00000000ec000000,0x00000000ec000000,0x00000000ec380000)
 ParOldGen       total 68608K, used 30085K [0x00000000c0000000, 0x00000000c4300000, 0x00000000eab00000)
  object space 68608K, 43% used [0x00000000c0000000,0x00000000c1d61668,0x00000000c4300000)
 Metaspace       used 47841K, committed 48896K, reserved 1114112K
  class space    used 4946K, committed 5376K, reserved 1048576K
}
Event: 3.490 GC heap after
{Heap after GC invocations=25 (full 2):
 PSYoungGen      total 23040K, used 1074K [0x00000000eab00000, 0x00000000ec400000, 0x0000000100000000)
  eden space 21504K, 0% used [0x00000000eab00000,0x00000000eab00000,0x00000000ec000000)
  from space 1536K, 69% used [0x00000000ec000000,0x00000000ec10c828,0x00000000ec180000)
  to   space 2048K, 0% used [0x00000000ec200000,0x00000000ec200000,0x00000000ec400000)
 ParOldGen       total 68608K, used 31105K [0x00000000c0000000, 0x00000000c4300000, 0x00000000eab00000)
  object space 68608K, 45% used [0x00000000c0000000,0x00000000c1e606b0,0x00000000c4300000)
 Metaspace       used 47841K, committed 48896K, reserved 1114112K
  class space    used 4946K, committed 5376K, reserved 1048576K
}
Event: 3.637 GC heap before
{Heap before GC invocations=26 (full 2):
 PSYoungGen      total 23040K, used 22578K [0x00000000eab00000, 0x00000000ec400000, 0x0000000100000000)
  eden space 21504K, 100% used [0x00000000eab00000,0x00000000ec000000,0x00000000ec000000)
  from space 1536K, 69% used [0x00000000ec000000,0x00000000ec10c828,0x00000000ec180000)
  to   space 2048K, 0% used [0x00000000ec200000,0x00000000ec200000,0x00000000ec400000)
 ParOldGen       total 68608K, used 31105K [0x00000000c0000000, 0x00000000c4300000, 0x00000000eab00000)
  object space 68608K, 45% used [0x00000000c0000000,0x00000000c1e606b0,0x00000000c4300000)
 Metaspace       used 49335K, committed 50304K, reserved 1114112K
  class space    used 5137K, committed 5504K, reserved 1048576K
}
Event: 3.639 GC heap after
{Heap after GC invocations=26 (full 2):
 PSYoungGen      total 23040K, used 1450K [0x00000000eab00000, 0x00000000ec380000, 0x0000000100000000)
  eden space 21504K, 0% used [0x00000000eab00000,0x00000000eab00000,0x00000000ec000000)
  from space 1536K, 94% used [0x00000000ec200000,0x00000000ec36a938,0x00000000ec380000)
  to   space 1536K, 0% used [0x00000000ec000000,0x00000000ec000000,0x00000000ec180000)
 ParOldGen       total 68608K, used 31988K [0x00000000c0000000, 0x00000000c4300000, 0x00000000eab00000)
  object space 68608K, 46% used [0x00000000c0000000,0x00000000c1f3d138,0x00000000c4300000)
 Metaspace       used 49335K, committed 50304K, reserved 1114112K
  class space    used 5137K, committed 5504K, reserved 1048576K
}
Event: 3.782 GC heap before
{Heap before GC invocations=27 (full 2):
 PSYoungGen      total 23040K, used 22954K [0x00000000eab00000, 0x00000000ec380000, 0x0000000100000000)
  eden space 21504K, 100% used [0x00000000eab00000,0x00000000ec000000,0x00000000ec000000)
  from space 1536K, 94% used [0x00000000ec200000,0x00000000ec36a938,0x00000000ec380000)
  to   space 1536K, 0% used [0x00000000ec000000,0x00000000ec000000,0x00000000ec180000)
 ParOldGen       total 68608K, used 31988K [0x00000000c0000000, 0x00000000c4300000, 0x00000000eab00000)
  object space 68608K, 46% used [0x00000000c0000000,0x00000000c1f3d138,0x00000000c4300000)
 Metaspace       used 51009K, committed 52096K, reserved 1114112K
  class space    used 5338K, committed 5824K, reserved 1048576K
}
Event: 3.784 GC heap after
{Heap after GC invocations=27 (full 2):
 PSYoungGen      total 23040K, used 1505K [0x00000000eab00000, 0x00000000ec900000, 0x0000000100000000)
  eden space 21504K, 0% used [0x00000000eab00000,0x00000000eab00000,0x00000000ec000000)
  from space 1536K, 98% used [0x00000000ec000000,0x00000000ec1787d0,0x00000000ec180000)
  to   space 4608K, 0% used [0x00000000ec480000,0x00000000ec480000,0x00000000ec900000)
 ParOldGen       total 68608K, used 34370K [0x00000000c0000000, 0x00000000c4300000, 0x00000000eab00000)
  object space 68608K, 50% used [0x00000000c0000000,0x00000000c2190a88,0x00000000c4300000)
 Metaspace       used 51009K, committed 52096K, reserved 1114112K
  class space    used 5338K, committed 5824K, reserved 1048576K
}
Event: 3.935 GC heap before
{Heap before GC invocations=28 (full 2):
 PSYoungGen      total 23040K, used 23009K [0x00000000eab00000, 0x00000000ec900000, 0x0000000100000000)
  eden space 21504K, 100% used [0x00000000eab00000,0x00000000ec000000,0x00000000ec000000)
  from space 1536K, 98% used [0x00000000ec000000,0x00000000ec1787d0,0x00000000ec180000)
  to   space 4608K, 0% used [0x00000000ec480000,0x00000000ec480000,0x00000000ec900000)
 ParOldGen       total 68608K, used 34370K [0x00000000c0000000, 0x00000000c4300000, 0x00000000eab00000)
  object space 68608K, 50% used [0x00000000c0000000,0x00000000c2190a88,0x00000000c4300000)
 Metaspace       used 52443K, committed 53504K, reserved 1114112K
  class space    used 5520K, committed 5952K, reserved 1048576K
}
Event: 3.937 GC heap after
{Heap after GC invocations=28 (full 2):
 PSYoungGen      total 24576K, used 2858K [0x00000000eab00000, 0x00000000ec780000, 0x0000000100000000)
  eden space 21504K, 0% used [0x00000000eab00000,0x00000000eab00000,0x00000000ec000000)
  from space 3072K, 93% used [0x00000000ec480000,0x00000000ec74ab90,0x00000000ec780000)
  to   space 3584K, 0% used [0x00000000ec080000,0x00000000ec080000,0x00000000ec400000)
 ParOldGen       total 68608K, used 35620K [0x00000000c0000000, 0x00000000c4300000, 0x00000000eab00000)
  object space 68608K, 51% used [0x00000000c0000000,0x00000000c22c90e0,0x00000000c4300000)
 Metaspace       used 52443K, committed 53504K, reserved 1114112K
  class space    used 5520K, committed 5952K, reserved 1048576K
}
Event: 4.123 GC heap before
{Heap before GC invocations=29 (full 2):
 PSYoungGen      total 24576K, used 24362K [0x00000000eab00000, 0x00000000ec780000, 0x0000000100000000)
  eden space 21504K, 100% used [0x00000000eab00000,0x00000000ec000000,0x00000000ec000000)
  from space 3072K, 93% used [0x00000000ec480000,0x00000000ec74ab90,0x00000000ec780000)
  to   space 3584K, 0% used [0x00000000ec080000,0x00000000ec080000,0x00000000ec400000)
 ParOldGen       total 68608K, used 35620K [0x00000000c0000000, 0x00000000c4300000, 0x00000000eab00000)
  object space 68608K, 51% used [0x00000000c0000000,0x00000000c22c90e0,0x00000000c4300000)
 Metaspace       used 53606K, committed 54720K, reserved 1114112K
  class space    used 5690K, committed 6144K, reserved 1048576K
}
Event: 4.126 GC heap after
{Heap after GC invocations=29 (full 2):
 PSYoungGen      total 25088K, used 3569K [0x00000000eab00000, 0x00000000ece00000, 0x0000000100000000)
  eden space 21504K, 0% used [0x00000000eab00000,0x00000000eab00000,0x00000000ec000000)
  from space 3584K, 99% used [0x00000000ec080000,0x00000000ec3fc7d0,0x00000000ec400000)
  to   space 7168K, 0% used [0x00000000ec700000,0x00000000ec700000,0x00000000ece00000)
 ParOldGen       total 68608K, used 38303K [0x00000000c0000000, 0x00000000c4300000, 0x00000000eab00000)
  object space 68608K, 55% used [0x00000000c0000000,0x00000000c2567d48,0x00000000c4300000)
 Metaspace       used 53606K, committed 54720K, reserved 1114112K
  class space    used 5690K, committed 6144K, reserved 1048576K
}
Event: 4.279 GC heap before
{Heap before GC invocations=30 (full 2):
 PSYoungGen      total 25088K, used 25073K [0x00000000eab00000, 0x00000000ece00000, 0x0000000100000000)
  eden space 21504K, 100% used [0x00000000eab00000,0x00000000ec000000,0x00000000ec000000)
  from space 3584K, 99% used [0x00000000ec080000,0x00000000ec3fc7d0,0x00000000ec400000)
  to   space 7168K, 0% used [0x00000000ec700000,0x00000000ec700000,0x00000000ece00000)
 ParOldGen       total 68608K, used 38303K [0x00000000c0000000, 0x00000000c4300000, 0x00000000eab00000)
  object space 68608K, 55% used [0x00000000c0000000,0x00000000c2567dc0,0x00000000c4300000)
 Metaspace       used 54854K, committed 55936K, reserved 1114112K
  class space    used 5850K, committed 6336K, reserved 1048576K
}
Event: 4.282 GC heap after
{Heap after GC invocations=30 (full 2):
 PSYoungGen      total 24576K, used 2851K [0x00000000eab00000, 0x00000000eca00000, 0x0000000100000000)
  eden space 21504K, 0% used [0x00000000eab00000,0x00000000eab00000,0x00000000ec000000)
  from space 3072K, 92% used [0x00000000ec700000,0x00000000ec9c8f48,0x00000000eca00000)
  to   space 4096K, 0% used [0x00000000ec200000,0x00000000ec200000,0x00000000ec600000)
 ParOldGen       total 68608K, used 41764K [0x00000000c0000000, 0x00000000c4300000, 0x00000000eab00000)
  object space 68608K, 60% used [0x00000000c0000000,0x00000000c28c92e8,0x00000000c4300000)
 Metaspace       used 54854K, committed 55936K, reserved 1114112K
  class space    used 5850K, committed 6336K, reserved 1048576K
}
Event: 4.382 GC heap before
{Heap before GC invocations=31 (full 2):
 PSYoungGen      total 24576K, used 24355K [0x00000000eab00000, 0x00000000eca00000, 0x0000000100000000)
  eden space 21504K, 100% used [0x00000000eab00000,0x00000000ec000000,0x00000000ec000000)
  from space 3072K, 92% used [0x00000000ec700000,0x00000000ec9c8f48,0x00000000eca00000)
  to   space 4096K, 0% used [0x00000000ec200000,0x00000000ec200000,0x00000000ec600000)
 ParOldGen       total 68608K, used 41777K [0x00000000c0000000, 0x00000000c4300000, 0x00000000eab00000)
  object space 68608K, 60% used [0x00000000c0000000,0x00000000c28cc5e8,0x00000000c4300000)
 Metaspace       used 56696K, committed 57792K, reserved 1114112K
  class space    used 6076K, committed 6528K, reserved 1048576K
}
Event: 4.385 GC heap after
{Heap after GC invocations=31 (full 2):
 PSYoungGen      total 24576K, used 3020K [0x00000000eab00000, 0x00000000ec780000, 0x0000000100000000)
  eden space 21504K, 0% used [0x00000000eab00000,0x00000000eab00000,0x00000000ec000000)
  from space 3072K, 98% used [0x00000000ec200000,0x00000000ec4f31c8,0x00000000ec500000)
  to   space 2560K, 0% used [0x00000000ec500000,0x00000000ec500000,0x00000000ec780000)
 ParOldGen       total 68608K, used 44459K [0x00000000c0000000, 0x00000000c4300000, 0x00000000eab00000)
  object space 68608K, 64% used [0x00000000c0000000,0x00000000c2b6ae28,0x00000000c4300000)
 Metaspace       used 56696K, committed 57792K, reserved 1114112K
  class space    used 6076K, committed 6528K, reserved 1048576K
}
Event: 4.511 GC heap before
{Heap before GC invocations=32 (full 2):
 PSYoungGen      total 24576K, used 24524K [0x00000000eab00000, 0x00000000ec780000, 0x0000000100000000)
  eden space 21504K, 100% used [0x00000000eab00000,0x00000000ec000000,0x00000000ec000000)
  from space 3072K, 98% used [0x00000000ec200000,0x00000000ec4f31c8,0x00000000ec500000)
  to   space 2560K, 0% used [0x00000000ec500000,0x00000000ec500000,0x00000000ec780000)
 ParOldGen       total 68608K, used 44459K [0x00000000c0000000, 0x00000000c4300000, 0x00000000eab00000)
  object space 68608K, 64% used [0x00000000c0000000,0x00000000c2b6ae28,0x00000000c4300000)
 Metaspace       used 59036K, committed 60096K, reserved 1114112K
  class space    used 6347K, committed 6784K, reserved 1048576K
}
Event: 4.513 GC heap after
{Heap after GC invocations=32 (full 2):
 PSYoungGen      total 24064K, used 2160K [0x00000000eab00000, 0x00000000ec780000, 0x0000000100000000)
  eden space 21504K, 0% used [0x00000000eab00000,0x00000000eab00000,0x00000000ec000000)
  from space 2560K, 84% used [0x00000000ec500000,0x00000000ec71c1b0,0x00000000ec780000)
  to   space 2560K, 0% used [0x00000000ec280000,0x00000000ec280000,0x00000000ec500000)
 ParOldGen       total 68608K, used 47211K [0x00000000c0000000, 0x00000000c4300000, 0x00000000eab00000)
  object space 68608K, 68% used [0x00000000c0000000,0x00000000c2e1ae28,0x00000000c4300000)
 Metaspace       used 59036K, committed 60096K, reserved 1114112K
  class space    used 6347K, committed 6784K, reserved 1048576K
}
Event: 4.525 GC heap before
{Heap before GC invocations=33 (full 2):
 PSYoungGen      total 24064K, used 4695K [0x00000000eab00000, 0x00000000ec780000, 0x0000000100000000)
  eden space 21504K, 11% used [0x00000000eab00000,0x00000000ead79c38,0x00000000ec000000)
  from space 2560K, 84% used [0x00000000ec500000,0x00000000ec71c1b0,0x00000000ec780000)
  to   space 2560K, 0% used [0x00000000ec280000,0x00000000ec280000,0x00000000ec500000)
 ParOldGen       total 68608K, used 47211K [0x00000000c0000000, 0x00000000c4300000, 0x00000000eab00000)
  object space 68608K, 68% used [0x00000000c0000000,0x00000000c2e1ae28,0x00000000c4300000)
 Metaspace       used 59251K, committed 60288K, reserved 1114112K
  class space    used 6377K, committed 6848K, reserved 1048576K
}
Event: 4.527 GC heap after
{Heap after GC invocations=33 (full 2):
 PSYoungGen      total 22016K, used 285K [0x00000000eab00000, 0x00000000ec580000, 0x0000000100000000)
  eden space 21504K, 0% used [0x00000000eab00000,0x00000000eab00000,0x00000000ec000000)
  from space 512K, 55% used [0x00000000ec280000,0x00000000ec2c77f0,0x00000000ec300000)
  to   space 1536K, 0% used [0x00000000ec400000,0x00000000ec400000,0x00000000ec580000)
 ParOldGen       total 68608K, used 49319K [0x00000000c0000000, 0x00000000c4300000, 0x00000000eab00000)
  object space 68608K, 71% used [0x00000000c0000000,0x00000000c3029e40,0x00000000c4300000)
 Metaspace       used 59251K, committed 60288K, reserved 1114112K
  class space    used 6377K, committed 6848K, reserved 1048576K
}
Event: 4.527 GC heap before
{Heap before GC invocations=34 (full 3):
 PSYoungGen      total 22016K, used 285K [0x00000000eab00000, 0x00000000ec580000, 0x0000000100000000)
  eden space 21504K, 0% used [0x00000000eab00000,0x00000000eab00000,0x00000000ec000000)
  from space 512K, 55% used [0x00000000ec280000,0x00000000ec2c77f0,0x00000000ec300000)
  to   space 1536K, 0% used [0x00000000ec400000,0x00000000ec400000,0x00000000ec580000)
 ParOldGen       total 68608K, used 49319K [0x00000000c0000000, 0x00000000c4300000, 0x00000000eab00000)
  object space 68608K, 71% used [0x00000000c0000000,0x00000000c3029e40,0x00000000c4300000)
 Metaspace       used 59251K, committed 60288K, reserved 1114112K
  class space    used 6377K, committed 6848K, reserved 1048576K
}
Event: 4.578 GC heap after
{Heap after GC invocations=34 (full 3):
 PSYoungGen      total 22016K, used 0K [0x00000000eab00000, 0x00000000ec580000, 0x0000000100000000)
  eden space 21504K, 0% used [0x00000000eab00000,0x00000000eab00000,0x00000000ec000000)
  from space 512K, 0% used [0x00000000ec280000,0x00000000ec280000,0x00000000ec300000)
  to   space 1536K, 0% used [0x00000000ec400000,0x00000000ec400000,0x00000000ec580000)
 ParOldGen       total 68608K, used 45987K [0x00000000c0000000, 0x00000000c4300000, 0x00000000eab00000)
  object space 68608K, 67% used [0x00000000c0000000,0x00000000c2ce8cf0,0x00000000c4300000)
 Metaspace       used 59251K, committed 60288K, reserved 1114112K
  class space    used 6377K, committed 6848K, reserved 1048576K
}

